<?xml version="1.0" encoding="UTF-8"?>
<testsuite xmlns:xsi="http://www.w3.org/2001/XMLSchema-instance" xsi:noNamespaceSchemaLocation="https://maven.apache.org/surefire/maven-surefire-plugin/xsd/surefire-test-report-3.0.xsd" version="3.0" name="com.jmq.inversiones.business.impl.UsuarioServiceImplTest" time="2.158" tests="1" errors="0" skipped="0" failures="0">
  <properties>
[...]
</properties>
  <testcase name="ObtenerCliente" classname="com.jmq.inversiones.business.impl.UsuarioServiceImplTest" time="2.116">
    <system-out><![CDATA[El usuario esta lleno
Usuario{id=4, nombreUsuario=clienteTest, contrasena=123456, activo=false, correo=cliente@test.com, tipoUsuario=CLIENTE, razonsocial=N/A, direccion=Calle Falsa 123, RUC=12345678901}
]]></system-out>
    <system-err><![CDATA[SLF4J: Failed to load class "org.slf4j.impl.StaticLoggerBinder".
SLF4J: Defaulting to no-operation (NOP) logger implementation
SLF4J: See http://www.slf4j.org/codes.html#StaticLoggerBinder for further details.
]]></system-err>
  </testcase>
</testsuite>